0 info it worked if it ends with ok
1 verbose cli [ '/usr/bin/node/bin/node', '/usr/bin/npm', 'run', 'devtest' ]
2 info using npm@3.8.1
3 info using node@v4.3.1
4 verbose run-script [ 'predevtest', 'devtest', 'postdevtest' ]
5 info lifecycle react-practice@0.0.0~predevtest: react-practice@0.0.0
6 silly lifecycle react-practice@0.0.0~predevtest: no script for predevtest, continuing
7 info lifecycle react-practice@0.0.0~devtest: react-practice@0.0.0
8 verbose lifecycle react-practice@0.0.0~devtest: unsafe-perm in lifecycle true
9 verbose lifecycle react-practice@0.0.0~devtest: PATH: /usr/bin/node/lib/node_modules/npm/bin/node-gyp-bin:/home/interal/Desktop/react-practice/node_modules/.bin:/usr/bin/node/bin:/home/interal/.npm-global/bin:/home/interal/.rvm/gems/ruby-2.2.1/bin:/home/interal/.rvm/gems/ruby-2.2.1@global/bin:/home/interal/.rvm/rubies/ruby-2.2.1/bin:/usr/local/sbin:/usr/local/bin:/usr/sbin:/usr/bin:/sbin:/bin:/usr/games:/usr/local/games:/home/interal/.rvm/bin:/home/interal/.rvm/bin
10 verbose lifecycle react-practice@0.0.0~devtest: CWD: /home/interal/Desktop/react-practice
11 silly lifecycle react-practice@0.0.0~devtest: Args: [ '-c', 'webpack-dev-server --config webpack.tests.config.js' ]
12 silly lifecycle react-practice@0.0.0~devtest: Returned: code: 1  signal: null
13 info lifecycle react-practice@0.0.0~devtest: Failed to exec devtest script
14 verbose stack Error: react-practice@0.0.0 devtest: `webpack-dev-server --config webpack.tests.config.js`
14 verbose stack Exit status 1
14 verbose stack     at EventEmitter.<anonymous> (/usr/bin/node/lib/node_modules/npm/lib/utils/lifecycle.js:239:16)
14 verbose stack     at emitTwo (events.js:87:13)
14 verbose stack     at EventEmitter.emit (events.js:172:7)
14 verbose stack     at ChildProcess.<anonymous> (/usr/bin/node/lib/node_modules/npm/lib/utils/spawn.js:24:14)
14 verbose stack     at emitTwo (events.js:87:13)
14 verbose stack     at ChildProcess.emit (events.js:172:7)
14 verbose stack     at maybeClose (internal/child_process.js:821:16)
14 verbose stack     at Process.ChildProcess._handle.onexit (internal/child_process.js:211:5)
15 verbose pkgid react-practice@0.0.0
16 verbose cwd /home/interal/Desktop/react-practice
17 error Linux 3.16.0-49-generic
18 error argv "/usr/bin/node/bin/node" "/usr/bin/npm" "run" "devtest"
19 error node v4.3.1
20 error npm  v3.8.1
21 error code ELIFECYCLE
22 error react-practice@0.0.0 devtest: `webpack-dev-server --config webpack.tests.config.js`
22 error Exit status 1
23 error Failed at the react-practice@0.0.0 devtest script 'webpack-dev-server --config webpack.tests.config.js'.
23 error Make sure you have the latest version of node.js and npm installed.
23 error If you do, this is most likely a problem with the react-practice package,
23 error not with npm itself.
23 error Tell the author that this fails on your system:
23 error     webpack-dev-server --config webpack.tests.config.js
23 error You can get information on how to open an issue for this project with:
23 error     npm bugs react-practice
23 error Or if that isn't available, you can get their info via:
23 error     npm owner ls react-practice
23 error There is likely additional logging output above.
24 verbose exit [ 1, true ]
